27.08.2023 14:32:19  LOG INFO: Started
27.08.2023 16:09:01  LOG INFO: Stopped
27.08.2023 18:48:55  LOG INFO: Started
27.08.2023 18:49:53  LOG INFO: Stopped
27.08.2023 18:50:10  LOG INFO: Started
27.08.2023 19:00:10  LOG INFO: Started
27.08.2023 19:01:38  LOG INFO: Started
27.08.2023 19:02:54  LOG INFO: Started
27.08.2023 19:05:56  LOG INFO: Started
27.08.2023 19:06:51  LOG INFO: Started
27.08.2023 19:36:32  LOG INFO: Stopped
29.08.2023 11:26:45  LOG INFO: Started
29.08.2023 11:27:23  LOG INFO: Stopped
29.08.2023 11:27:37  LOG INFO: Started
29.08.2023 20:54:30  LOG INFO: Stopped
31.08.2023 02:11:02  LOG INFO: Started
31.08.2023 03:01:00  LOG INFO: Stopped
31.08.2023 11:14:14  LOG INFO: Started
31.08.2023 11:14:51  LOG INFO: Stopped
31.08.2023 11:15:10  LOG INFO: Started
31.08.2023 11:36:27  LOG INFO: Stopped
31.08.2023 21:44:08  LOG INFO: Started
31.08.2023 21:44:17  LOG INFO: Stopped
31.08.2023 21:44:34  LOG INFO: Started
31.08.2023 23:27:03  LOG INFO: Stopped
01.09.2023 02:16:01  LOG INFO: Started
01.09.2023 02:54:02  LOG INFO: Stopped
08.10.2023 04:05:05  LOG INFO: Started
08.10.2023 04:35:09  LOG INFO: Stopped
02.11.2023 01:08:19  LOG INFO: Started
02.11.2023 02:14:48  LOG INFO: Stopped
04.11.2023 18:32:51  LOG INFO: Started
04.11.2023 19:37:33  LOG INFO: Stopped
05.11.2023 15:29:42  LOG INFO: Started
05.11.2023 17:04:21  LOG INFO: Stopped
09.01.2024 19:05:38  LOG INFO: Started
09.01.2024 19:55:11  LOG INFO: Stopped
09.01.2024 21:17:43  LOG INFO: Started
09.01.2024 21:52:33  LOG INFO: Stopped
10.01.2024 06:23:52  LOG INFO: Started
10.01.2024 06:24:08 SOCK ERRO: getaddinfo('lscreens.eut2.online.scssoft.com','80') ver 0 type 1 proto 6 failed 0x00002af9
10.01.2024 06:24:08 HTTP ERRO: Unable to connect to 'http://lscreens.eut2.online.scssoft.com/eut2/lscr/data'
10.01.2024 06:24:08 LINK ERRO: Unable to connect.
10.01.2024 06:24:20 SOCK ERRO: getaddinfo('mrk-lscreens.eut2.online.scssoft.com','80') ver 0 type 1 proto 6 failed 0x00002af9
10.01.2024 06:24:20 HTTP ERRO: Unable to connect to 'http://mrk-lscreens.eut2.online.scssoft.com/eut2/mrk_lscr/data'
10.01.2024 06:24:20 LINK ERRO: Unable to connect.
10.01.2024 06:24:20 SOCK ERRO: getaddinfo('patch-notes.eut2.online.scssoft.com','80') ver 0 type 1 proto 6 failed 0x00002af9
10.01.2024 06:24:20 HTTP ERRO: Unable to connect to 'http://patch-notes.eut2.online.scssoft.com/eut2/patch_notes/v1/en_gb'
10.01.2024 06:24:20 LINK ERRO: Unable to connect.
10.01.2024 06:24:20 SOCK ERRO: getaddinfo('news.eut2.online.scssoft.com','80') ver 0 type 1 proto 6 failed 0x00002af9
10.01.2024 06:24:20 HTTP ERRO: Unable to connect to 'http://news.eut2.online.scssoft.com/eut2/news/1.49.2.15s/en_us?i=78DA7D8FB10AC24010447F654B6DCE9D3BEF92D80582218516226A67614E0C680E128851F6E3BD8095853B3030038F65C6D49DDD9216746CDA3A3C7B02D3188BD9E0BBBE096DCC8A95D6CE602EF9A6A0DDEBED5BB2642D33FD3F313633CC2C704858B687AAA8722AFD3A74174FE5FE447096C5649321BE81552681917A0404998E24A7D194152DFC953C7CC46BDFCB10EE4350D71BDC5933F46F5E4144E29689817C00F6E33F94'
10.01.2024 06:24:20 LINK ERRO: Unable to connect.
10.01.2024 06:25:59 SOCK ERRO: getaddinfo('billboards.eut2.online.scssoft.com','80') ver 0 type 1 proto 6 failed 0x00002af9
10.01.2024 06:25:59 HTTP ERRO: Unable to connect to 'http://billboards.eut2.online.scssoft.com/eut2/billboards/v1'
10.01.2024 06:25:59 LINK ERRO: Unable to connect.
10.01.2024 06:50:27  LOG INFO: Stopped
10.01.2024 17:03:53  LOG INFO: Started
10.01.2024 19:03:27  LOG INFO: Stopped
13.01.2024 05:18:46  LOG INFO: Started
13.01.2024 05:20:04  LOG INFO: Stopped
13.01.2024 06:15:58  LOG INFO: Started
13.01.2024 06:54:25  LOG INFO: Stopped
13.01.2024 16:57:13  LOG INFO: Started
13.01.2024 18:20:11  LOG INFO: Stopped
14.01.2024 06:05:24  LOG INFO: Started
14.01.2024 07:01:14  LOG INFO: Stopped
14.01.2024 18:21:16  LOG INFO: Started
14.01.2024 21:13:46  LOG INFO: Stopped
15.01.2024 03:09:08  LOG INFO: Started
15.01.2024 03:47:10  LOG INFO: Stopped
16.01.2024 05:09:15  LOG INFO: Started
16.01.2024 05:56:14  LOG INFO: Stopped
16.01.2024 20:02:37  LOG INFO: Started
16.01.2024 21:38:07  LOG INFO: Stopped
17.01.2024 00:30:17  LOG INFO: Started
17.01.2024 01:43:41  LOG INFO: Stopped
22.01.2024 00:50:04  LOG INFO: Started
22.01.2024 02:38:53  LOG INFO: Stopped
22.01.2024 20:20:54  LOG INFO: Started
22.01.2024 21:02:02  LOG INFO: Stopped
28.01.2024 04:14:24  LOG INFO: Started
09.02.2024 16:22:47  LOG INFO: Started
09.02.2024 17:23:20  LOG INFO: Stopped
15.02.2024 02:22:09  LOG INFO: Started
15.02.2024 02:36:01  LOG INFO: Stopped
15.02.2024 03:58:24  LOG INFO: Started
15.02.2024 04:35:33  LOG INFO: Stopped
15.02.2024 18:47:43  LOG INFO: Started
15.02.2024 19:28:35  LOG INFO: Stopped
16.02.2024 16:39:56  LOG INFO: Started
16.02.2024 17:25:18  LOG INFO: Stopped
16.02.2024 20:14:14  LOG INFO: Started
16.02.2024 20:40:31  LOG INFO: Stopped
06.04.2024 17:38:48  LOG INFO: Started
06.04.2024 17:43:32  LOG INFO: Stopped
11.04.2024 20:42:53  LOG INFO: Started
11.04.2024 21:18:54  LOG INFO: Stopped
12.04.2024 01:28:41  LOG INFO: Started
12.04.2024 01:52:08  LOG INFO: Stopped
13.04.2024 14:57:39  LOG INFO: Started
13.04.2024 15:45:19  LOG INFO: Stopped
13.04.2024 17:46:25  LOG INFO: Started
13.04.2024 18:05:56  LOG INFO: Stopped
14.04.2024 13:42:53  LOG INFO: Started
14.04.2024 15:04:58  LOG INFO: Stopped
16.04.2024 03:46:15  LOG INFO: Started
16.04.2024 04:13:59  LOG INFO: Stopped
16.04.2024 16:33:19  LOG INFO: Started
16.04.2024 18:07:54  LOG INFO: Stopped
01.05.2024 20:07:14  LOG INFO: Started
01.05.2024 20:08:01  LOG INFO: Stopped
01.05.2024 22:36:47  LOG INFO: Started
01.05.2024 22:52:49  LOG INFO: Stopped
01.05.2024 22:53:47  LOG INFO: Started
01.05.2024 23:14:01  LOG INFO: Stopped
05.05.2024 14:29:32  LOG INFO: Started
05.05.2024 14:32:11  LOG INFO: Stopped
05.05.2024 14:33:52  LOG INFO: Started
05.05.2024 15:00:17  LOG INFO: Stopped
05.05.2024 15:01:20  LOG INFO: Started
05.05.2024 15:43:25  LOG INFO: Stopped
06.05.2024 13:48:43  LOG INFO: Started
06.05.2024 14:54:53  LOG INFO: Stopped
06.05.2024 22:48:41  LOG INFO: Started
06.05.2024 23:04:23  LOG INFO: Stopped
06.05.2024 23:04:35  LOG INFO: Started
06.05.2024 23:26:24  LOG INFO: Stopped
07.05.2024 14:06:23  LOG INFO: Started
07.05.2024 14:10:03  LOG INFO: Stopped
07.05.2024 14:10:41  LOG INFO: Started
07.05.2024 14:15:18  LOG INFO: Stopped
08.05.2024 13:42:13  LOG INFO: Started
08.05.2024 14:00:31  LOG INFO: Stopped
08.05.2024 14:00:46  LOG INFO: Started
08.05.2024 14:07:44  LOG INFO: Stopped
05.06.2024 20:46:45  LOG INFO: Started
05.06.2024 22:09:56  LOG INFO: Stopped
07.06.2024 21:28:42  LOG INFO: Started
07.06.2024 22:07:57  LOG INFO: Stopped
08.06.2024 17:32:42  LOG INFO: Started
08.06.2024 17:41:45  LOG INFO: Stopped
08.06.2024 17:42:43  LOG INFO: Started
08.06.2024 20:37:08  LOG INFO: Stopped
08.06.2024 22:30:06  LOG INFO: Started
08.06.2024 22:34:36  LOG INFO: Stopped
08.06.2024 22:34:48  LOG INFO: Started
08.06.2024 23:22:58  LOG INFO: Stopped
09.06.2024 02:23:52  LOG INFO: Started
09.06.2024 03:13:22  LOG INFO: Stopped
10.06.2024 16:30:46  LOG INFO: Started
10.06.2024 17:01:05  LOG INFO: Stopped
10.06.2024 17:01:24  LOG INFO: Started
10.06.2024 19:38:07  LOG INFO: Stopped
11.06.2024 16:27:32  LOG INFO: Started
11.06.2024 16:30:26  LOG INFO: Stopped
11.06.2024 16:30:41  LOG INFO: Started
11.06.2024 17:58:58  LOG INFO: Stopped
12.06.2024 16:45:03  LOG INFO: Started
12.06.2024 16:49:15  LOG INFO: Stopped
12.06.2024 16:50:59  LOG INFO: Started
12.06.2024 16:54:29  LOG INFO: Stopped
12.06.2024 16:55:11  LOG INFO: Started
12.06.2024 18:09:17  LOG INFO: Stopped
12.06.2024 18:50:44  LOG INFO: Started
12.06.2024 19:20:02  LOG INFO: Stopped
12.06.2024 20:46:46  LOG INFO: Started
12.06.2024 21:08:17  LOG INFO: Stopped
13.06.2024 17:07:25  LOG INFO: Started
13.06.2024 19:51:39  LOG INFO: Stopped
15.06.2024 01:42:43  LOG INFO: Started
15.06.2024 01:48:50  LOG INFO: Stopped
15.06.2024 01:51:32  LOG INFO: Started
15.06.2024 02:19:56  LOG INFO: Stopped
16.06.2024 21:55:50  LOG INFO: Started
16.06.2024 22:01:07  LOG INFO: Stopped
16.06.2024 22:01:49  LOG INFO: Started
16.06.2024 22:08:57  LOG INFO: Stopped
16.06.2024 22:09:13  LOG INFO: Started
16.06.2024 22:16:01  LOG INFO: Stopped
16.06.2024 22:16:15  LOG INFO: Started
16.06.2024 22:57:27  LOG INFO: Stopped
16.06.2024 22:57:41  LOG INFO: Started
16.06.2024 23:22:14  LOG INFO: Stopped
18.06.2024 00:08:11  LOG INFO: Started
18.06.2024 00:12:18  LOG INFO: Stopped
